<?xml version="1.0" encoding="UTF-8"?>
<testsuite xmlns:xsi="http://www.w3.org/2001/XMLSchema-instance" xsi:noNamespaceSchemaLocation="https://maven.apache.org/surefire/maven-surefire-plugin/xsd/surefire-test-report-3.0.xsd" version="3.0" name="com.cafe.PedidoTest" time="0.063" tests="9" errors="0" skipped="0" failures="0">
  <properties>
[...]
</properties>
  <testcase name="deveEnviarParaCozinhaAposPagar" classname="com.cafe.PedidoTest" time="0.007"/>
  <testcase name="deveAdicionarItemAoPedido" classname="com.cafe.PedidoTest" time="0.001"/>
  <testcase name="naoDeveAdicionarItemAposPagar" classname="com.cafe.PedidoTest" time="0.003"/>
  <testcase name="deveFinalizarPedido" classname="com.cafe.PedidoTest" time="0.004"/>
  <testcase name="deveCalcularTotalDoPedido" classname="com.cafe.PedidoTest" time="0.004"/>
  <testcase name="deveIniciarComStatusPendente" classname="com.cafe.PedidoTest" time="0.006"/>
  <testcase name="deveLancarExcecaoAoPagarPedidoVazio" classname="com.cafe.PedidoTest" time="0.002"/>
  <testcase name="devePagarPedido" classname="com.cafe.PedidoTest" time="0.008"/>
  <testcase name="deveIniciarSemItens" classname="com.cafe.PedidoTest" time="0.002"/>
</testsuite>